[debug] [2024-02-10T11:58:46.440Z] ----------------------------------------------------------------------
[debug] [2024-02-10T11:58:46.442Z] Command:       C:\Program Files\nodejs\node.exe C:\Program Files\nodejs\node_modules\firebase-tools\lib\bin\firebase.js init
[debug] [2024-02-10T11:58:46.442Z] CLI Version:   13.2.1
[debug] [2024-02-10T11:58:46.443Z] Platform:      win32
[debug] [2024-02-10T11:58:46.443Z] Node Version:  v18.13.0
[debug] [2024-02-10T11:58:46.444Z] Time:          Sat Feb 10 2024 06:58:46 GMT-0500 (hora estándar oriental)
[debug] [2024-02-10T11:58:46.445Z] ----------------------------------------------------------------------
[debug] 
[debug] [2024-02-10T11:58:46.453Z] > command requires scopes: ["email","openid","https://www.googleapis.com/auth/cloudplatformprojects.readonly","https://www.googleapis.com/auth/firebase","https://www.googleapis.com/auth/cloud-platform"]
[debug] [2024-02-10T11:58:46.454Z] > authorizing via signed-in user (eduaws73@gmail.com)
[info] 
     ######## #### ########  ######## ########     ###     ######  ########
     ##        ##  ##     ## ##       ##     ##  ##   ##  ##       ##
     ######    ##  ########  ######   ########  #########  ######  ######
     ##        ##  ##    ##  ##       ##     ## ##     ##       ## ##
     ##       #### ##     ## ######## ########  ##     ##  ######  ########

You're about to initialize a Firebase project in this directory:

  C:\Users\conta\s\porfolio\producto

[info] 
=== Project Setup
[info] 
[info] First, let's associate this project directory with a Firebase project.
[info] You can create multiple project aliases by running firebase use --add, 
[info] but for now we'll just set up a default project.
[info] 
[debug] [2024-02-10T11:59:05.251Z] > refreshing access token with scopes: []
[debug] [2024-02-10T11:59:05.253Z] >>> [apiv2][query] POST https://www.googleapis.com/oauth2/v3/token [none]
[debug] [2024-02-10T11:59:05.253Z] >>> [apiv2][body] POST https://www.googleapis.com/oauth2/v3/token [omitted]
[debug] [2024-02-10T11:59:05.672Z] <<< [apiv2][status] POST https://www.googleapis.com/oauth2/v3/token 200
[debug] [2024-02-10T11:59:05.672Z] <<< [apiv2][body] POST https://www.googleapis.com/oauth2/v3/token [omitted]
[debug] [2024-02-10T11:59:05.696Z] >>> [apiv2][query] GET https://firebase.googleapis.com/v1beta1/projects pageSize=100
[debug] [2024-02-10T11:59:06.287Z] <<< [apiv2][status] GET https://firebase.googleapis.com/v1beta1/projects 200
[debug] [2024-02-10T11:59:06.287Z] <<< [apiv2][body] GET https://firebase.googleapis.com/v1beta1/projects [omitted]
[info] i  Using project servicio-ws (servicio) 
[info] 
=== Hosting Setup
[debug] [2024-02-10T11:59:12.613Z] >>> [apiv2][query] GET https://firebase.googleapis.com/v1beta1/projects/servicio-ws [none]
[debug] [2024-02-10T11:59:12.978Z] <<< [apiv2][status] GET https://firebase.googleapis.com/v1beta1/projects/servicio-ws 200
[debug] [2024-02-10T11:59:12.979Z] <<< [apiv2][body] GET https://firebase.googleapis.com/v1beta1/projects/servicio-ws {"projectId":"servicio-ws","projectNumber":"1092473603629","displayName":"servicio","name":"projects/servicio-ws","resources":{"hostingSite":"servicio-ws"},"state":"ACTIVE","etag":"1_2a77b194-7afe-471a-b408-e4c5ff39d5a9"}
[info] 
[info] Your public directory is the folder (relative to your project directory) that
[info] will contain Hosting assets to be uploaded with firebase deploy. If you
[info] have a build process for your assets, use your build's output directory.
[info] 
